-------------------------------------------------------------------------------
Test set: com.verify_x.serviceImpl.ReportServiceImplTest
-------------------------------------------------------------------------------
Tests run: 4, Failures: 2, Errors: 0, Skipped: 0, Time elapsed: 10.13 s <<< FAILURE! -- in com.verify_x.serviceImpl.ReportServiceImplTest
com.verify_x.serviceImpl.ReportServiceImplTest.testGetReportsPendingWhenNoDocuments -- Time elapsed: 0.099 s <<< FAILURE!
org.opentest4j.AssertionFailedError: expected: <true> but was: <false>
	at org.junit.jupiter.api.AssertionFailureBuilder.build(AssertionFailureBuilder.java:158)
	at org.junit.jupiter.api.AssertionFailureBuilder.buildAndThrow(AssertionFailureBuilder.java:139)
	at org.junit.jupiter.api.AssertTrue.failNotTrue(AssertTrue.java:69)
	at org.junit.jupiter.api.AssertTrue.assertTrue(AssertTrue.java:41)
	at org.junit.jupiter.api.AssertTrue.assertTrue(AssertTrue.java:35)
	at org.junit.jupiter.api.Assertions.assertTrue(Assertions.java:195)
	at com.verify_x.serviceImpl.ReportServiceImplTest.testGetReportsPendingWhenNoDocuments(ReportServiceImplTest.java:78)

com.verify_x.serviceImpl.ReportServiceImplTest.testGetReportsUsesFirstDocumentStatus -- Time elapsed: 0.040 s <<< FAILURE!
org.opentest4j.AssertionFailedError: expected: <true> but was: <false>
	at org.junit.jupiter.api.AssertionFailureBuilder.build(AssertionFailureBuilder.java:158)
	at org.junit.jupiter.api.AssertionFailureBuilder.buildAndThrow(AssertionFailureBuilder.java:139)
	at org.junit.jupiter.api.AssertTrue.failNotTrue(AssertTrue.java:69)
	at org.junit.jupiter.api.AssertTrue.assertTrue(AssertTrue.java:41)
	at org.junit.jupiter.api.AssertTrue.assertTrue(AssertTrue.java:35)
	at org.junit.jupiter.api.Assertions.assertTrue(Assertions.java:195)
	at com.verify_x.serviceImpl.ReportServiceImplTest.testGetReportsUsesFirstDocumentStatus(ReportServiceImplTest.java:92)

