<?xml version="1.0" encoding="UTF-8"?>
<testsuite xmlns:xsi="http://www.w3.org/2001/XMLSchema-instance" xsi:noNamespaceSchemaLocation="https://maven.apache.org/surefire/maven-surefire-plugin/xsd/surefire-test-report.xsd" version="3.0.2" name="com.verify_x.serviceImpl.CandidateManagementServiceImplTest" time="0.771" tests="16" errors="0" skipped="0" failures="0" flakes="0">
  <properties>
[...]
</properties>
  <testcase name="testSearchCandidatesNoResult" classname="com.verify_x.serviceImpl.CandidateManagementServiceImplTest" time="0.382"/>
  <testcase name="testDeleteCandidateSuccess" classname="com.verify_x.serviceImpl.CandidateManagementServiceImplTest" time="0.02">
    <system-out><![CDATA[13:30:18.210 [main] INFO com.verify_x.serviceImpl.CandidateManagementServiceImpl -- Candidate 1 deleted by HR.
]]></system-out>
  </testcase>
  <testcase name="testGetAllCandidatesSuccess" classname="com.verify_x.serviceImpl.CandidateManagementServiceImplTest" time="0.018"/>
  <testcase name="testGetCandidateDetailsSuccess" classname="com.verify_x.serviceImpl.CandidateManagementServiceImplTest" time="0.039"/>
  <testcase name="testGetCandidateDetailsCandidateNotFound" classname="com.verify_x.serviceImpl.CandidateManagementServiceImplTest" time="0.021"/>
  <testcase name="testVerifyUanRejectedSuccess" classname="com.verify_x.serviceImpl.CandidateManagementServiceImplTest" time="0.018">
    <system-out><![CDATA[========== VERIFY UAN ==========
Employment ID : 1
Candidate ID  : 1
UAN Number    : [123456789012]
================================
13:30:18.322 [main] INFO com.verify_x.serviceImpl.CandidateManagementServiceImpl -- UAN verified for candidate 1 by HR
]]></system-out>
  </testcase>
  <testcase name="testDeleteCandidateNotFound" classname="com.verify_x.serviceImpl.CandidateManagementServiceImplTest" time="0.015"/>
  <testcase name="testCreateCandidatePhoneAlreadyExists" classname="com.verify_x.serviceImpl.CandidateManagementServiceImplTest" time="0.015"/>
  <testcase name="testGetAllCandidatesEmptyList" classname="com.verify_x.serviceImpl.CandidateManagementServiceImplTest" time="0.012"/>
  <testcase name="testCreateCandidateEmailAlreadyExists" classname="com.verify_x.serviceImpl.CandidateManagementServiceImplTest" time="0.013"/>
  <testcase name="testCreateCandidateSuccess" classname="com.verify_x.serviceImpl.CandidateManagementServiceImplTest" time="0.015"/>
  <testcase name="testSearchCandidatesSuccess" classname="com.verify_x.serviceImpl.CandidateManagementServiceImplTest" time="0.03"/>
  <testcase name="testDeleteCandidateWithoutEmployment" classname="com.verify_x.serviceImpl.CandidateManagementServiceImplTest" time="0.05">
    <system-out><![CDATA[13:30:18.509 [main] INFO com.verify_x.serviceImpl.CandidateManagementServiceImpl -- Candidate 1 deleted by HR.
]]></system-out>
  </testcase>
  <testcase name="testVerifyUanEmploymentNotFound" classname="com.verify_x.serviceImpl.CandidateManagementServiceImplTest" time="0.014"/>
  <testcase name="testVerifyUanCandidateNotFound" classname="com.verify_x.serviceImpl.CandidateManagementServiceImplTest" time="0.012"/>
  <testcase name="testVerifyUanPendingSuccess" classname="com.verify_x.serviceImpl.CandidateManagementServiceImplTest" time="0.011">
    <system-out><![CDATA[========== VERIFY UAN ==========
Employment ID : 1
Candidate ID  : 1
UAN Number    : [123456789012]
================================
13:30:18.569 [main] INFO com.verify_x.serviceImpl.CandidateManagementServiceImpl -- UAN verified for candidate 1 by HR
]]></system-out>
  </testcase>
</testsuite>